{"C:\\Users\\Vinbi\\jwks-server-jgs0191\\src\\config\\default.js": {"path":"C:\\Users\\Vinbi\\jwks-server-jgs0191\\src\\config\\default.js","statementMap":{},"fnMap":{},"branchMap":{},"s":{},"f":{},"b":{},"_coverageSchema":"1a1c01bbd47fc00a2c39e90264f33305004495a9","hash":"4954e008092889d892e004756d60435514d1947f"}
,"C:\\Users\\Vinbi\\jwks-server-jgs0191\\src\\keys\\keystore.js": {"path":"C:\\Users\\Vinbi\\jwks-server-jgs0191\\src\\keys\\keystore.js","statementMap":{"0":{"start":{"line":19,"column":17},"end":{"line":21,"column":1}},"1":{"start":{"line":24,"column":2},"end":{"line":24,"column":52}},"2":{"start":{"line":24,"column":25},"end":{"line":24,"column":52}},"3":{"start":{"line":25,"column":2},"end":{"line":25,"column":48}},"4":{"start":{"line":30,"column":36},"end":{"line":33,"column":4}},"5":{"start":{"line":35,"column":20},"end":{"line":35,"column":46}},"6":{"start":{"line":36,"column":14},"end":{"line":36,"column":25}},"7":{"start":{"line":38,"column":2},"end":{"line":38,"column":22}},"8":{"start":{"line":39,"column":2},"end":{"line":39,"column":24}},"9":{"start":{"line":41,"column":2},"end":{"line":41,"column":26}},"10":{"start":{"line":43,"column":20},"end":{"line":43,"column":50}},"11":{"start":{"line":45,"column":14},"end":{"line":45,"column":55}},"12":{"start":{"line":46,"column":2},"end":{"line":46,"column":26}},"13":{"start":{"line":47,"column":2},"end":{"line":47,"column":13}},"14":{"start":{"line":55,"column":2},"end":{"line":55,"column":21}},"15":{"start":{"line":57,"column":2},"end":{"line":66,"column":3}},"16":{"start":{"line":57,"column":15},"end":{"line":57,"column":16}},"17":{"start":{"line":60,"column":6},"end":{"line":60,"column":70}},"18":{"start":{"line":65,"column":4},"end":{"line":65,"column":27}},"19":{"start":{"line":68,"column":2},"end":{"line":73,"column":3}},"20":{"start":{"line":70,"column":23},"end":{"line":70,"column":35}},"21":{"start":{"line":72,"column":4},"end":{"line":72,"column":34}},"22":{"start":{"line":75,"column":2},"end":{"line":75,"column":23}},"23":{"start":{"line":79,"column":14},"end":{"line":79,"column":24}},"24":{"start":{"line":80,"column":2},"end":{"line":85,"column":7}},"25":{"start":{"line":81,"column":19},"end":{"line":81,"column":36}},"26":{"start":{"line":84,"column":6},"end":{"line":84,"column":25}},"27":{"start":{"line":89,"column":14},"end":{"line":89,"column":24}},"28":{"start":{"line":90,"column":2},"end":{"line":90,"column":57}},"29":{"start":{"line":90,"column":37},"end":{"line":90,"column":55}},"30":{"start":{"line":94,"column":2},"end":{"line":94,"column":50}},"31":{"start":{"line":94,"column":35},"end":{"line":94,"column":48}},"32":{"start":{"line":98,"column":14},"end":{"line":98,"column":24}},"33":{"start":{"line":99,"column":21},"end":{"line":101,"column":3}},"34":{"start":{"line":100,"column":4},"end":{"line":100,"column":43}},"35":{"start":{"line":102,"column":2},"end":{"line":102,"column":71}},"36":{"start":{"line":102,"column":26},"end":{"line":102,"column":71}},"37":{"start":{"line":104,"column":2},"end":{"line":104,"column":55}},"38":{"start":{"line":104,"column":28},"end":{"line":104,"column":53}},"39":{"start":{"line":105,"column":2},"end":{"line":105,"column":23}},"40":{"start":{"line":110,"column":4},"end":{"line":110,"column":25}}},"fnMap":{"0":{"name":"randomKid","decl":{"start":{"line":23,"column":9},"end":{"line":23,"column":18}},"loc":{"start":{"line":23,"column":21},"end":{"line":26,"column":1}},"line":23},"1":{"name":"generateKey","decl":{"start":{"line":28,"column":15},"end":{"line":28,"column":26}},"loc":{"start":{"line":28,"column":46},"end":{"line":48,"column":1}},"line":28},"2":{"name":"initialize","decl":{"start":{"line":50,"column":15},"end":{"line":50,"column":25}},"loc":{"start":{"line":54,"column":8},"end":{"line":76,"column":1}},"line":54},"3":{"name":"getUnexpiredPublicKeys","decl":{"start":{"line":78,"column":9},"end":{"line":78,"column":31}},"loc":{"start":{"line":78,"column":34},"end":{"line":86,"column":1}},"line":78},"4":{"name":"(anonymous_4)","decl":{"start":{"line":81,"column":12},"end":{"line":81,"column":13}},"loc":{"start":{"line":81,"column":19},"end":{"line":81,"column":36}},"line":81},"5":{"name":"(anonymous_5)","decl":{"start":{"line":82,"column":9},"end":{"line":82,"column":10}},"loc":{"start":{"line":82,"column":16},"end":{"line":85,"column":5}},"line":82},"6":{"name":"getExpiredKeys","decl":{"start":{"line":88,"column":9},"end":{"line":88,"column":23}},"loc":{"start":{"line":88,"column":26},"end":{"line":91,"column":1}},"line":88},"7":{"name":"(anonymous_7)","decl":{"start":{"line":90,"column":30},"end":{"line":90,"column":31}},"loc":{"start":{"line":90,"column":37},"end":{"line":90,"column":55}},"line":90},"8":{"name":"getKeyByKid","decl":{"start":{"line":93,"column":9},"end":{"line":93,"column":20}},"loc":{"start":{"line":93,"column":26},"end":{"line":95,"column":1}},"line":93},"9":{"name":"(anonymous_9)","decl":{"start":{"line":94,"column":28},"end":{"line":94,"column":29}},"loc":{"start":{"line":94,"column":35},"end":{"line":94,"column":48}},"line":94},"10":{"name":"pickSigningKey","decl":{"start":{"line":97,"column":9},"end":{"line":97,"column":23}},"loc":{"start":{"line":97,"column":55},"end":{"line":106,"column":1}},"line":97},"11":{"name":"(anonymous_11)","decl":{"start":{"line":99,"column":42},"end":{"line":99,"column":43}},"loc":{"start":{"line":100,"column":4},"end":{"line":100,"column":43}},"line":100},"12":{"name":"(anonymous_12)","decl":{"start":{"line":104,"column":18},"end":{"line":104,"column":19}},"loc":{"start":{"line":104,"column":28},"end":{"line":104,"column":53}},"line":104},"13":{"name":"(anonymous_13)","decl":{"start":{"line":109,"column":2},"end":{"line":109,"column":3}},"loc":{"start":{"line":109,"column":13},"end":{"line":111,"column":3}},"line":109}},"branchMap":{"0":{"loc":{"start":{"line":24,"column":2},"end":{"line":24,"column":52}},"type":"if","locations":[{"start":{"line":24,"column":2},"end":{"line":24,"column":52}},{"start":{},"end":{}}],"line":24},"1":{"loc":{"start":{"line":28,"column":27},"end":{"line":28,"column":44}},"type":"default-arg","locations":[{"start":{"line":28,"column":40},"end":{"line":28,"column":44}}],"line":28},"2":{"loc":{"start":{"line":50,"column":26},"end":{"line":54,"column":6}},"type":"default-arg","locations":[{"start":{"line":54,"column":4},"end":{"line":54,"column":6}}],"line":50},"3":{"loc":{"start":{"line":51,"column":2},"end":{"line":51,"column":18}},"type":"default-arg","locations":[{"start":{"line":51,"column":17},"end":{"line":51,"column":18}}],"line":51},"4":{"loc":{"start":{"line":52,"column":2},"end":{"line":52,"column":19}},"type":"default-arg","locations":[{"start":{"line":52,"column":15},"end":{"line":52,"column":19}}],"line":52},"5":{"loc":{"start":{"line":53,"column":2},"end":{"line":53,"column":22}},"type":"default-arg","locations":[{"start":{"line":53,"column":18},"end":{"line":53,"column":22}}],"line":53},"6":{"loc":{"start":{"line":60,"column":6},"end":{"line":60,"column":70}},"type":"cond-expr","locations":[{"start":{"line":60,"column":31},"end":{"line":60,"column":57}},{"start":{"line":60,"column":60},"end":{"line":60,"column":70}}],"line":60},"7":{"loc":{"start":{"line":68,"column":2},"end":{"line":73,"column":3}},"type":"if","locations":[{"start":{"line":68,"column":2},"end":{"line":73,"column":3}},{"start":{},"end":{}}],"line":68},"8":{"loc":{"start":{"line":97,"column":24},"end":{"line":97,"column":53}},"type":"default-arg","locations":[{"start":{"line":97,"column":51},"end":{"line":97,"column":53}}],"line":97},"9":{"loc":{"start":{"line":97,"column":26},"end":{"line":97,"column":46}},"type":"default-arg","locations":[{"start":{"line":97,"column":41},"end":{"line":97,"column":46}}],"line":97},"10":{"loc":{"start":{"line":100,"column":4},"end":{"line":100,"column":43}},"type":"cond-expr","locations":[{"start":{"line":100,"column":19},"end":{"line":100,"column":23}},{"start":{"line":100,"column":26},"end":{"line":100,"column":43}}],"line":100},"11":{"loc":{"start":{"line":102,"column":2},"end":{"line":102,"column":71}},"type":"if","locations":[{"start":{"line":102,"column":2},"end":{"line":102,"column":71}},{"start":{},"end":{}}],"line":102}},"s":{"0":3,"1":19,"2":18,"3":1,"4":19,"5":19,"6":19,"7":19,"8":19,"9":19,"10":19,"11":19,"12":19,"13":19,"14":3,"15":3,"16":3,"17":6,"18":6,"19":3,"20":3,"21":3,"22":3,"23":5,"24":5,"25":12,"26":5,"27":3,"28":3,"29":6,"30":5,"31":7,"32":6,"33":6,"34":11,"35":6,"36":1,"37":5,"38":4,"39":5,"40":10},"f":{"0":19,"1":19,"2":3,"3":5,"4":12,"5":5,"6":3,"7":6,"8":5,"9":7,"10":6,"11":11,"12":4,"13":10},"b":{"0":[18,1],"1":[3],"2":[0],"3":[0],"4":[0],"5":[1],"6":[3,3],"7":[3,0],"8":[3],"9":[3],"10":[1,10],"11":[1,5]},"_coverageSchema":"1a1c01bbd47fc00a2c39e90264f33305004495a9","hash":"1068bcb0cf94dbb38a711849c942cc07d25f7b66"}
,"C:\\Users\\Vinbi\\jwks-server-jgs0191\\src\\routes\\auth.js": {"path":"C:\\Users\\Vinbi\\jwks-server-jgs0191\\src\\routes\\auth.js","statementMap":{"0":{"start":{"line":6,"column":15},"end":{"line":6,"column":31}},"1":{"start":{"line":14,"column":0},"end":{"line":59,"column":3}},"2":{"start":{"line":15,"column":2},"end":{"line":58,"column":3}},"3":{"start":{"line":16,"column":24},"end":{"line":16,"column":46}},"4":{"start":{"line":19,"column":16},"end":{"line":19,"column":45}},"5":{"start":{"line":21,"column":4},"end":{"line":31,"column":5}},"6":{"start":{"line":22,"column":26},"end":{"line":22,"column":51}},"7":{"start":{"line":23,"column":6},"end":{"line":28,"column":7}},"8":{"start":{"line":24,"column":8},"end":{"line":24,"column":36}},"9":{"start":{"line":27,"column":8},"end":{"line":27,"column":69}},"10":{"start":{"line":30,"column":6},"end":{"line":30,"column":68}},"11":{"start":{"line":34,"column":21},"end":{"line":36,"column":17}},"12":{"start":{"line":38,"column":20},"end":{"line":42,"column":5}},"13":{"start":{"line":44,"column":29},"end":{"line":44,"column":43}},"14":{"start":{"line":46,"column":20},"end":{"line":51,"column":6}},"15":{"start":{"line":54,"column":4},"end":{"line":54,"column":41}},"16":{"start":{"line":56,"column":4},"end":{"line":56,"column":45}},"17":{"start":{"line":57,"column":4},"end":{"line":57,"column":49}}},"fnMap":{"0":{"name":"(anonymous_0)","decl":{"start":{"line":14,"column":17},"end":{"line":14,"column":18}},"loc":{"start":{"line":14,"column":37},"end":{"line":59,"column":1}},"line":14}},"branchMap":{"0":{"loc":{"start":{"line":21,"column":4},"end":{"line":31,"column":5}},"type":"if","locations":[{"start":{"line":21,"column":4},"end":{"line":31,"column":5}},{"start":{"line":29,"column":11},"end":{"line":31,"column":5}}],"line":21},"1":{"loc":{"start":{"line":23,"column":6},"end":{"line":28,"column":7}},"type":"if","locations":[{"start":{"line":23,"column":6},"end":{"line":28,"column":7}},{"start":{"line":25,"column":13},"end":{"line":28,"column":7}}],"line":23},"2":{"loc":{"start":{"line":34,"column":21},"end":{"line":36,"column":17}},"type":"cond-expr","locations":[{"start":{"line":35,"column":8},"end":{"line":35,"column":47}},{"start":{"line":36,"column":8},"end":{"line":36,"column":17}}],"line":34}},"s":{"0":2,"1":2,"2":4,"3":4,"4":4,"5":4,"6":1,"7":1,"8":1,"9":0,"10":3,"11":3,"12":3,"13":3,"14":3,"15":3,"16":1,"17":1},"f":{"0":4},"b":{"0":[1,3],"1":[1,0],"2":[1,2]},"_coverageSchema":"1a1c01bbd47fc00a2c39e90264f33305004495a9","hash":"fa3c12889a365dc834b7592260b2bc2d5315de8a"}
,"C:\\Users\\Vinbi\\jwks-server-jgs0191\\src\\routes\\jwks.js": {"path":"C:\\Users\\Vinbi\\jwks-server-jgs0191\\src\\routes\\jwks.js","statementMap":{"0":{"start":{"line":5,"column":15},"end":{"line":5,"column":31}},"1":{"start":{"line":11,"column":0},"end":{"line":19,"column":3}},"2":{"start":{"line":12,"column":2},"end":{"line":18,"column":3}},"3":{"start":{"line":13,"column":17},"end":{"line":13,"column":50}},"4":{"start":{"line":14,"column":4},"end":{"line":14,"column":51}},"5":{"start":{"line":15,"column":4},"end":{"line":15,"column":35}},"6":{"start":{"line":17,"column":4},"end":{"line":17,"column":49}},"7":{"start":{"line":25,"column":0},"end":{"line":27,"column":3}},"8":{"start":{"line":26,"column":2},"end":{"line":26,"column":68}}},"fnMap":{"0":{"name":"(anonymous_0)","decl":{"start":{"line":11,"column":16},"end":{"line":11,"column":17}},"loc":{"start":{"line":11,"column":30},"end":{"line":19,"column":1}},"line":11},"1":{"name":"(anonymous_1)","decl":{"start":{"line":25,"column":21},"end":{"line":25,"column":22}},"loc":{"start":{"line":25,"column":36},"end":{"line":27,"column":1}},"line":25}},"branchMap":{},"s":{"0":2,"1":2,"2":2,"3":2,"4":1,"5":1,"6":1,"7":2,"8":0},"f":{"0":2,"1":0},"b":{},"_coverageSchema":"1a1c01bbd47fc00a2c39e90264f33305004495a9","hash":"88fe7d8416ebd6d0638c580481d2a65834688989"}
,"C:\\Users\\Vinbi\\jwks-server-jgs0191\\src\\services\\jwtService.js": {"path":"C:\\Users\\Vinbi\\jwks-server-jgs0191\\src\\services\\jwtService.js","statementMap":{"0":{"start":{"line":15,"column":2},"end":{"line":15,"column":69}},"1":{"start":{"line":15,"column":19},"end":{"line":15,"column":69}},"2":{"start":{"line":16,"column":2},"end":{"line":16,"column":54}},"3":{"start":{"line":16,"column":12},"end":{"line":16,"column":54}},"4":{"start":{"line":17,"column":2},"end":{"line":17,"column":61}},"5":{"start":{"line":17,"column":20},"end":{"line":17,"column":61}},"6":{"start":{"line":19,"column":14},"end":{"line":19,"column":43}},"7":{"start":{"line":20,"column":14},"end":{"line":20,"column":48}},"8":{"start":{"line":22,"column":14},"end":{"line":26,"column":21}},"9":{"start":{"line":28,"column":2},"end":{"line":28,"column":32}},"10":{"start":{"line":32,"column":25},"end":{"line":32,"column":32}},"11":{"start":{"line":33,"column":25},"end":{"line":33,"column":38}}},"fnMap":{"0":{"name":"signJwt","decl":{"start":{"line":9,"column":22},"end":{"line":9,"column":29}},"loc":{"start":{"line":14,"column":3},"end":{"line":29,"column":1}},"line":14}},"branchMap":{"0":{"loc":{"start":{"line":10,"column":2},"end":{"line":10,"column":14}},"type":"default-arg","locations":[{"start":{"line":10,"column":12},"end":{"line":10,"column":14}}],"line":10},"1":{"loc":{"start":{"line":13,"column":2},"end":{"line":13,"column":43}},"type":"default-arg","locations":[{"start":{"line":13,"column":21},"end":{"line":13,"column":43}}],"line":13},"2":{"loc":{"start":{"line":15,"column":2},"end":{"line":15,"column":69}},"type":"if","locations":[{"start":{"line":15,"column":2},"end":{"line":15,"column":69}},{"start":{},"end":{}}],"line":15},"3":{"loc":{"start":{"line":16,"column":2},"end":{"line":16,"column":54}},"type":"if","locations":[{"start":{"line":16,"column":2},"end":{"line":16,"column":54}},{"start":{},"end":{}}],"line":16},"4":{"loc":{"start":{"line":17,"column":2},"end":{"line":17,"column":61}},"type":"if","locations":[{"start":{"line":17,"column":2},"end":{"line":17,"column":61}},{"start":{},"end":{}}],"line":17}},"s":{"0":6,"1":1,"2":5,"3":1,"4":4,"5":1,"6":3,"7":3,"8":3,"9":3,"10":3,"11":3},"f":{"0":6},"b":{"0":[0],"1":[3],"2":[1,5],"3":[1,4],"4":[1,3]},"_coverageSchema":"1a1c01bbd47fc00a2c39e90264f33305004495a9","hash":"503acd548b3199e3654b71a7f43868c0b29a1f05"}
,"C:\\Users\\Vinbi\\jwks-server-jgs0191\\tests\\setupTestApp.js": {"path":"C:\\Users\\Vinbi\\jwks-server-jgs0191\\tests\\setupTestApp.js","statementMap":{"0":{"start":{"line":8,"column":2},"end":{"line":12,"column":5}},"1":{"start":{"line":14,"column":14},"end":{"line":14,"column":23}},"2":{"start":{"line":15,"column":2},"end":{"line":15,"column":26}},"3":{"start":{"line":16,"column":2},"end":{"line":16,"column":31}},"4":{"start":{"line":19,"column":2},"end":{"line":19,"column":48}},"5":{"start":{"line":21,"column":2},"end":{"line":21,"column":13}}},"fnMap":{"0":{"name":"createTestApp","decl":{"start":{"line":7,"column":22},"end":{"line":7,"column":35}},"loc":{"start":{"line":7,"column":38},"end":{"line":22,"column":1}},"line":7}},"branchMap":{},"s":{"0":2,"1":2,"2":2,"3":2,"4":2,"5":2},"f":{"0":2},"b":{},"_coverageSchema":"1a1c01bbd47fc00a2c39e90264f33305004495a9","hash":"686509e719a669273a55873d755c07c4b4c7bf1d"}
}
