TN:
SF:src\config\default.js
FNF:0
FNH:0
LF:0
LH:0
BRF:0
BRH:0
end_of_record
TN:
SF:src\keys\keystore.js
FN:23,randomKid
FN:28,generateKey
FN:50,initialize
FN:78,getUnexpiredPublicKeys
FN:81,(anonymous_4)
FN:82,(anonymous_5)
FN:88,getExpiredKeys
FN:90,(anonymous_7)
FN:93,getKeyByKid
FN:94,(anonymous_9)
FN:97,pickSigningKey
FN:99,(anonymous_11)
FN:104,(anonymous_12)
FN:109,(anonymous_13)
FNF:14
FNH:14
FNDA:19,randomKid
FNDA:19,generateKey
FNDA:3,initialize
FNDA:5,getUnexpiredPublicKeys
FNDA:12,(anonymous_4)
FNDA:5,(anonymous_5)
FNDA:3,getExpiredKeys
FNDA:6,(anonymous_7)
FNDA:5,getKeyByKid
FNDA:7,(anonymous_9)
FNDA:6,pickSigningKey
FNDA:11,(anonymous_11)
FNDA:4,(anonymous_12)
FNDA:10,(anonymous_13)
DA:19,3
DA:24,19
DA:25,1
DA:30,19
DA:35,19
DA:36,19
DA:38,19
DA:39,19
DA:41,19
DA:43,19
DA:45,19
DA:46,19
DA:47,19
DA:55,3
DA:57,3
DA:60,6
DA:65,6
DA:68,3
DA:70,3
DA:72,3
DA:75,3
DA:79,5
DA:80,5
DA:81,12
DA:84,5
DA:89,3
DA:90,6
DA:94,7
DA:98,6
DA:99,6
DA:100,11
DA:102,6
DA:104,5
DA:105,5
DA:110,10
LF:35
LH:35
BRDA:24,0,0,18
BRDA:24,0,1,1
BRDA:28,1,0,3
BRDA:50,2,0,0
BRDA:51,3,0,0
BRDA:52,4,0,0
BRDA:53,5,0,1
BRDA:60,6,0,3
BRDA:60,6,1,3
BRDA:68,7,0,3
BRDA:68,7,1,0
BRDA:97,8,0,3
BRDA:97,9,0,3
BRDA:100,10,0,1
BRDA:100,10,1,10
BRDA:102,11,0,1
BRDA:102,11,1,5
BRF:17
BRH:13
end_of_record
TN:
SF:src\routes\auth.js
FN:14,(anonymous_0)
FNF:1
FNH:1
FNDA:4,(anonymous_0)
DA:6,2
DA:14,2
DA:15,4
DA:16,4
DA:19,4
DA:21,4
DA:22,1
DA:23,1
DA:24,1
DA:27,0
DA:30,3
DA:34,3
DA:38,3
DA:44,3
DA:46,3
DA:54,3
DA:56,1
DA:57,1
LF:18
LH:17
BRDA:21,0,0,1
BRDA:21,0,1,3
BRDA:23,1,0,1
BRDA:23,1,1,0
BRDA:34,2,0,1
BRDA:34,2,1,2
BRF:6
BRH:5
end_of_record
TN:
SF:src\routes\jwks.js
FN:11,(anonymous_0)
FN:25,(anonymous_1)
FNF:2
FNH:1
FNDA:2,(anonymous_0)
FNDA:0,(anonymous_1)
DA:5,2
DA:11,2
DA:12,2
DA:13,2
DA:14,1
DA:15,1
DA:17,1
DA:25,2
DA:26,0
LF:9
LH:8
BRF:0
BRH:0
end_of_record
TN:
SF:src\services\jwtService.js
FN:9,signJwt
FNF:1
FNH:1
FNDA:6,signJwt
DA:15,6
DA:16,5
DA:17,4
DA:19,3
DA:20,3
DA:22,3
DA:28,3
DA:32,3
DA:33,3
LF:9
LH:9
BRDA:10,0,0,0
BRDA:13,1,0,3
BRDA:15,2,0,1
BRDA:15,2,1,5
BRDA:16,3,0,1
BRDA:16,3,1,4
BRDA:17,4,0,1
BRDA:17,4,1,3
BRF:8
BRH:7
end_of_record
TN:
SF:tests\setupTestApp.js
FN:7,createTestApp
FNF:1
FNH:1
FNDA:2,createTestApp
DA:8,2
DA:14,2
DA:15,2
DA:16,2
DA:19,2
DA:21,2
LF:6
LH:6
BRF:0
BRH:0
end_of_record
